<?xml version="1.0" encoding="UTF-8"?>
<testng-results total="4" passed="4" failed="0" skipped="0">
  <reporter-output>
  </reporter-output>
  <suite started-at="2022-06-11T17:34:20Z" name="Default suite" finished-at="2022-06-11T17:34:22Z" duration-ms="1763">
    <groups>
      <group name="cucumber">
        <method signature="AbstractTestNGCucumberTests.runScenario(io.cucumber.testng.PickleWrapper, io.cucumber.testng.FeatureWrapper)[pri:0, instance:runner.Runner$TestRunner@27d4a09]" name="runScenario" class="io.cucumber.testng.AbstractTestNGCucumberTests"/>
      </group> <!-- cucumber -->
    </groups>
    <test started-at="2022-06-11T17:34:20Z" name="Default test" finished-at="2022-06-11T17:34:22Z" duration-ms="1763">
      <class name="runner.Runner$TestRunner">
        <test-method is-config="true" signature="setUpClass(org.testng.ITestContext)[pri:0, instance:runner.Runner$TestRunner@27d4a09]" started-at="2022-06-11T13:34:20Z" name="setUpClass" finished-at="2022-06-11T13:34:21Z" duration-ms="1299" status="PASS">
          <params>
            <param index="0">
              <value>
                <![CDATA[org.testng.TestRunner@7923f5b3]]>
              </value>
            </param>
          </params>
          <reporter-output>
          </reporter-output>
        </test-method> <!-- setUpClass -->
        <test-method signature="runScenario(io.cucumber.testng.PickleWrapper, io.cucumber.testng.FeatureWrapper)[pri:0, instance:runner.Runner$TestRunner@27d4a09]" started-at="2022-06-11T13:34:21Z" name="runScenario" description="Runs Cucumber Scenarios" data-provider="scenarios" finished-at="2022-06-11T13:34:21Z" duration-ms="278" status="PASS">
          <params>
            <param index="0">
              <value>
                <![CDATA["Verify my patient tab"]]>
              </value>
            </param>
            <param index="1">
              <value>
                <![CDATA["Optional[My Patient elements]"]]>
              </value>
            </param>
          </params>
          <reporter-output>
          </reporter-output>
        </test-method> <!-- runScenario -->
        <test-method signature="runScenario(io.cucumber.testng.PickleWrapper, io.cucumber.testng.FeatureWrapper)[pri:0, instance:runner.Runner$TestRunner@27d4a09]" started-at="2022-06-11T13:34:21Z" name="runScenario" description="Runs Cucumber Scenarios" data-provider="scenarios" finished-at="2022-06-11T13:34:21Z" duration-ms="28" status="PASS">
          <params>
            <param index="0">
              <value>
                <![CDATA["User search the Patient text"]]>
              </value>
            </param>
            <param index="1">
              <value>
                <![CDATA["Optional[Search patient]"]]>
              </value>
            </param>
          </params>
          <reporter-output>
          </reporter-output>
        </test-method> <!-- runScenario -->
        <test-method signature="runScenario(io.cucumber.testng.PickleWrapper, io.cucumber.testng.FeatureWrapper)[pri:0, instance:runner.Runner$TestRunner@27d4a09]" started-at="2022-06-11T13:34:21Z" name="runScenario" description="Runs Cucumber Scenarios" data-provider="scenarios" finished-at="2022-06-11T13:34:21Z" duration-ms="26" status="PASS">
          <params>
            <param index="0">
              <value>
                <![CDATA["Verify search button text"]]>
              </value>
            </param>
            <param index="1">
              <value>
                <![CDATA["Optional[Search patient]"]]>
              </value>
            </param>
          </params>
          <reporter-output>
          </reporter-output>
        </test-method> <!-- runScenario -->
        <test-method signature="runScenario(io.cucumber.testng.PickleWrapper, io.cucumber.testng.FeatureWrapper)[pri:0, instance:runner.Runner$TestRunner@27d4a09]" started-at="2022-06-11T13:34:21Z" name="runScenario" description="Runs Cucumber Scenarios" data-provider="scenarios" finished-at="2022-06-11T13:34:22Z" duration-ms="35" status="PASS">
          <params>
            <param index="0">
              <value>
                <![CDATA["Search patients by name"]]>
              </value>
            </param>
            <param index="1">
              <value>
                <![CDATA["Optional[Search patient]"]]>
              </value>
            </param>
          </params>
          <reporter-output>
          </reporter-output>
        </test-method> <!-- runScenario -->
        <test-method is-config="true" signature="tearDownClass()[pri:0, instance:runner.Runner$TestRunner@27d4a09]" started-at="2022-06-11T13:34:22Z" name="tearDownClass" finished-at="2022-06-11T13:34:22Z" duration-ms="60" status="PASS">
          <reporter-output>
          </reporter-output>
        </test-method> <!-- tearDownClass -->
      </class> <!-- runner.Runner$TestRunner -->
    </test> <!-- Default test -->
  </suite> <!-- Default suite -->
</testng-results>
